<?xml version="1.0" encoding="UTF-8"?>
<!-- Generated by org.testng.reporters.JUnitXMLReporter -->
<testsuite hostname="Sergueis-MBP-2" ignored="0" name="Default test" tests="10" failures="0" timestamp="2020-05-03T11:50:39 PDT" time="0.813" errors="0">
  <testcase name="test" time="0.292" classname="core.PrimeNumberCheckerTestDR"/>
  <testcase name="test" time="0.004" classname="core.PrimeNumberCheckerTestDR"/>
  <testcase name="test" time="0.003" classname="core.PrimeNumberCheckerTestDR"/>
  <testcase name="test" time="0.002" classname="core.PrimeNumberCheckerTestDR"/>
  <testcase name="test" time="0.003" classname="core.PrimeNumberCheckerTestDR"/>
  <testcase name="test" time="0.033" classname="core.PrimeNumberCheckerTestDR"/>
  <testcase name="test" time="0.004" classname="core.PrimeNumberCheckerTestDR"/>
  <testcase name="test" time="0.004" classname="core.PrimeNumberCheckerTestDR"/>
  <testcase name="test" time="0.008" classname="core.PrimeNumberCheckerTestDR"/>
  <testcase name="test" time="0.004" classname="core.PrimeNumberCheckerTestDR"/>
</testsuite> <!-- Default test -->
